<?xml version="1.0" encoding="UTF-8"?>
<!-- Generated by org.testng.reporters.JUnitReportReporter -->
<testsuite hostname="MSI" failures="0" tests="1" name="sprint6_Devi.nba_assessment" time="12.866" errors="0" timestamp="2024-10-27T19:39:47 IST" skipped="0">
  <testcase classname="sprint6_Devi.nba_assessment" name="assessment" time="12.866"/>
  <system-out/>
</testsuite> <!-- sprint6_Devi.nba_assessment -->
