<?xml version="1.0" encoding="UTF-8"?>
<!-- Generated by org.testng.reporters.JUnitReportReporter -->
<testsuite hostname="MSI" failures="0" tests="1" name="sprint6_Gokul.CustomerServiceOptions33" time="28.008" errors="0" timestamp="2024-10-25T21:07:41 IST" skipped="0">
  <testcase classname="sprint6_Gokul.CustomerServiceOptions33" name="customerServiceMethod" time="28.008"/>
  <system-out/>
</testsuite> <!-- sprint6_Gokul.CustomerServiceOptions33 -->
