<?xml version="1.0" encoding="UTF-8"?>
<!-- Generated by org.testng.reporters.JUnitReportReporter -->
<testsuite hostname="MSI" failures="0" tests="1" name="sprint6_Devi.s6_79_SalesForce_Classic_NewAccount" time="10.169" errors="0" timestamp="2024-10-26T17:53:54 IST" skipped="0">
  <testcase classname="sprint6_Devi.s6_79_SalesForce_Classic_NewAccount" name="createClassicNewAccount" time="10.169"/>
  <system-out/>
</testsuite> <!-- sprint6_Devi.s6_79_SalesForce_Classic_NewAccount -->
